<?xml version="1.0" encoding="UTF-8"?>
<!-- Generated by org.testng.reporters.JUnitXMLReporter -->
<testsuite ignored="0" hostname="DESKTOP-NO67EK8" failures="0" tests="3" name="SubmitOrder" time="45.076" errors="0" timestamp="2024-03-12T11:57:33 EDT">
  <testcase classname="AutomationProjects.ECommerseAutomationFramework.tests.SubmitOrderTest" name="SubmitOrdet" time="11.917"/>
  <testcase classname="AutomationProjects.ECommerseAutomationFramework.tests.SubmitOrderTest" name="SubmitOrdet" time="12.152"/>
  <testcase classname="AutomationProjects.ECommerseAutomationFramework.tests.SubmitOrderTest" name="chkItemOrderedIsPresentInOrderHistory" time="1.406"/>
</testsuite> <!-- SubmitOrder -->
